2025-06-27 17:21:39 | User - 880799145576 | Radius - bf:e4:87:9a:1d:05 | Authenticate - 2025-06-27 17:21:45 | Device - Realme
2025-06-27 17:21:48 | User - 301470134 | Radius - fe:9c:aa:7b:e4:29 | Authenticate - 2025-06-27 17:21:51 | Device - Xiaomi
2025-06-27 17:21:51 | User - 571827941 | Radius - 7e:a7:bd:ec:66:92 | Authenticate - 2025-06-27 17:21:59 | Device - Xiaomi
2025-06-27 17:22:03 | User - 886634742 | Radius - 48:ac:a7:ab:cc:b6 | Authenticate - 2025-06-27 17:22:06 | Device - Huawei
2025-06-27 17:22:08 | User - 4297455813 | Radius - ab:17:ab:da:98:00 | Authenticate - 2025-06-27 17:22:14 | Device - Motorola
2025-06-27 17:22:09 | User - 3293730477 | Radius - 62:cd:3e:7d:35:7a | Authenticate - 2025-06-27 17:22:16 | Device - Samsung
2025-06-27 17:22:09 | User - 34518324597 | Radius - 7b:31:4f:0d:e6:4c | Authenticate - 2025-06-27 17:22:18 | Device - Motorola
2025-06-27 17:22:09 | User - 6413774177 | Radius - e3:9b:fd:09:10:f6 | Authenticate - 2025-06-27 17:22:15 | Device - Huawei
2025-06-27 17:22:09 | User - 635928946 | Radius - 54:85:9c:1a:d2:71 | Authenticate - 2025-06-27 17:22:13 | Device - Xiaomi
2025-06-27 17:22:09 | User - 878617093556 | Radius - 32:3b:58:c9:4f:b9 | Authenticate - 2025-06-27 17:22:14 | Device - Xiaomi
2025-06-27 17:22:09 | User - 68778283790 | Radius - 3b:78:92:ee:ee:cb | Authenticate - 2025-06-27 17:22:10 | Device - Realme
2025-06-27 17:22:10 | User - 79470233361 | Radius - da:e0:62:ba:6a:10 | Authenticate - 2025-06-27 17:22:12 | Device - Xiaomi
2025-06-27 17:22:10 | User - 47111858331 | Radius - 35:6c:42:8e:45:49 | Authenticate - 2025-06-27 17:22:13 | Device - Apple
2025-06-27 17:22:11 | User - 13530439506 | Radius - 65:15:be:a1:8a:f9 | Authenticate - 2025-06-27 17:22:12 | Device - Samsung
2025-06-27 17:22:11 | User - 7940368636 | Radius - a2:07:04:c9:2b:1f | Authenticate - 2025-06-27 17:22:14 | Device - Realme
2025-06-27 17:22:11 | User - 559992775084 | Radius - 60:5f:f1:45:6c:6b | Authenticate - 2025-06-27 17:22:14 | Device - Apple
2025-06-27 17:22:11 | User - 607210218569 | Radius - 78:53:3a:99:91:7a | Authenticate - 2025-06-27 17:22:21 | Device - Xiaomi
2025-06-27 17:22:12 | User - 7630159483 | Radius - c7:1b:4f:37:86:c8 | Authenticate - 2025-06-27 17:22:17 | Device - Huawei
2025-06-27 17:22:12 | User - 33789739204 | Radius - 39:ed:53:6b:31:a3 | Authenticate - 2025-06-27 17:22:13 | Device - Huawei
2025-06-27 17:22:12 | User - 929175384233 | Radius - ef:31:31:77:ec:e9 | Authenticate - 2025-06-27 17:22:16 | Device - Motorola
2025-06-27 17:22:12 | User - 3728280427 | Radius - 43:38:b1:34:90:e6 | Authenticate - 2025-06-27 17:22:22 | Device - Motorola
2025-06-27 17:22:13 | User - 640458984401 | Radius - c0:a4:6b:54:b5:da | Authenticate - 2025-06-27 17:22:21 | Device - Huawei
2025-06-27 17:22:13 | User - 185801845 | Radius - 3c:e4:05:2a:ff:e5 | Authenticate - 2025-06-27 17:22:23 | Device - Apple
2025-06-27 17:22:13 | User - 188804649821 | Radius - 08:30:47:06:a5:6d | Authenticate - 2025-06-27 17:22:20 | Device - Motorola
2025-06-27 17:22:14 | User - 979250727 | Radius - 72:c5:a2:2f:93:dc | Authenticate - 2025-06-27 17:22:22 | Device - Realme
2025-06-27 17:22:14 | User - 7051283050 | Radius - 21:d4:74:e3:47:21 | Authenticate - 2025-06-27 17:22:22 | Device - Motorola
2025-06-27 17:22:14 | User - 963936730 | Radius - 40:07:31:9c:75:95 | Authenticate - 2025-06-27 17:22:23 | Device - Huawei
2025-06-27 17:22:14 | User - 612732558 | Radius - 07:59:fb:d6:ae:19 | Authenticate - 2025-06-27 17:22:16 | Device - Huawei
2025-06-27 17:22:15 | User - 43611893760 | Radius - cc:28:6f:76:8e:90 | Authenticate - 2025-06-27 17:22:22 | Device - Apple
2025-06-27 17:22:15 | User - 3004957298 | Radius - 48:f3:94:a4:a4:03 | Authenticate - 2025-06-27 17:22:17 | Device - Samsung
2025-06-27 17:22:15 | User - 975406532 | Radius - d0:17:76:71:88:ad | Authenticate - 2025-06-27 17:22:23 | Device - Samsung
2025-06-27 17:22:15 | User - 805524613 | Radius - 2f:22:00:33:92:e2 | Authenticate - 2025-06-27 17:22:18 | Device - Motorola
2025-06-27 17:22:16 | User - 2543892457 | Radius - 32:bd:f6:86:04:ef | Authenticate - 2025-06-27 17:22:23 | Device - Realme
2025-06-27 17:22:16 | User - 1932543647 | Radius - a0:97:39:35:3e:51 | Authenticate - 2025-06-27 17:22:25 | Device - Apple
2025-06-27 17:22:16 | User - 9592165878 | Radius - 64:89:38:71:01:71 | Authenticate - 2025-06-27 17:22:26 | Device - Samsung
2025-06-27 17:22:16 | User - 938214265830 | Radius - fd:5d:3b:dd:37:18 | Authenticate - 2025-06-27 17:22:25 | Device - Samsung
2025-06-27 17:22:16 | User - 170074642735 | Radius - a2:40:2c:1d:92:fe | Authenticate - 2025-06-27 17:22:22 | Device - Realme
2025-06-27 17:22:17 | User - 281368517686 | Radius - 6f:c0:9c:0c:40:da | Authenticate - 2025-06-27 17:22:19 | Device - Apple
2025-06-27 17:22:17 | User - 544745649254 | Radius - 45:b2:49:24:05:09 | Authenticate - 2025-06-27 17:22:19 | Device - Apple
2025-06-27 17:22:17 | User - 189839804523 | Radius - 46:78:b2:a6:97:02 | Authenticate - 2025-06-27 17:22:23 | Device - Apple
2025-06-27 17:22:17 | User - 62629375804 | Radius - 78:e7:02:5a:d3:1f | Authenticate - 2025-06-27 17:22:26 | Device - Apple
2025-06-27 17:22:18 | User - 931912824566 | Radius - 0b:8f:30:11:25:a3 | Authenticate - 2025-06-27 17:22:22 | Device - Xiaomi
2025-06-27 17:22:18 | User - 3425588231 | Radius - 14:25:67:b4:fd:b0 | Authenticate - 2025-06-27 17:22:26 | Device - Samsung
2025-06-27 17:22:18 | User - 1038352306 | Radius - 44:7b:eb:56:d2:75 | Authenticate - 2025-06-27 17:22:24 | Device - Xiaomi
2025-06-27 17:22:18 | User - 312576664 | Radius - d0:cb:8a:74:55:28 | Authenticate - 2025-06-27 17:22:25 | Device - Xiaomi
2025-06-27 17:22:18 | User - 55936196112 | Radius - fe:a9:5c:08:ec:a7 | Authenticate - 2025-06-27 17:22:19 | Device - Huawei
2025-06-27 17:22:22 | User - 38763469335 | Radius - 41:04:5f:e8:6f:8c | Authenticate - 2025-06-27 17:22:32 | Device - Motorola
2025-06-27 17:22:28 | User - 934578390 | Radius - 81:5b:34:41:32:d8 | Authenticate - 2025-06-27 17:22:32 | Device - Samsung
2025-06-27 17:22:45 | User - 424740624637 | Radius - bd:fc:dc:9c:7f:0b | Authenticate - 2025-06-27 17:22:52 | Device - Apple
2025-06-27 17:22:51 | User - 46087397251 | Radius - 27:00:27:e3:2c:eb | Authenticate - 2025-06-27 17:22:57 | Device - Samsung
2025-06-27 17:22:52 | User - 87730081962 | Radius - 7e:fc:a3:8e:de:1c | Authenticate - 2025-06-27 17:23:01 | Device - Realme
2025-06-27 17:22:57 | User - 637062778 | Radius - 40:d2:04:9f:d0:d3 | Authenticate - 2025-06-27 17:23:06 | Device - Huawei
2025-06-27 17:22:58 | User - 7041519064 | Radius - 34:14:b4:63:64:e8 | Authenticate - 2025-06-27 17:22:59 | Device - Motorola
2025-06-27 17:23:05 | User - 33755890470 | Radius - d2:2d:2e:8a:fa:0a | Authenticate - 2025-06-27 17:23:11 | Device - Realme
2025-06-27 17:23:07 | User - 8847520317 | Radius - 1c:c2:50:2f:48:da | Authenticate - 2025-06-27 17:23:08 | Device - Samsung
2025-06-27 17:23:08 | User - 296595080 | Radius - 03:ee:f7:9c:34:e3 | Authenticate - 2025-06-27 17:23:15 | Device - Huawei
2025-06-27 17:23:11 | User - 790764294 | Radius - a3:81:12:e9:92:10 | Authenticate - 2025-06-27 17:23:21 | Device - Huawei
2025-06-27 17:23:12 | User - 42725328470 | Radius - 8a:60:ec:ac:6b:76 | Authenticate - 2025-06-27 17:23:20 | Device - Realme
2025-06-27 17:23:12 | User - 250378839098 | Radius - 24:04:a1:7b:72:19 | Authenticate - 2025-06-27 17:23:20 | Device - Motorola
2025-06-27 17:23:12 | User - 994511201 | Radius - 81:ac:6a:25:48:7d | Authenticate - 2025-06-27 17:23:13 | Device - Xiaomi
2025-06-27 17:23:12 | User - 349605037 | Radius - 1d:d2:4a:84:f3:2e | Authenticate - 2025-06-27 17:23:19 | Device - Realme
2025-06-27 17:23:12 | User - 587254526 | Radius - 65:3d:7e:e8:fc:17 | Authenticate - 2025-06-27 17:23:13 | Device - Realme
2025-06-27 17:23:12 | User - 674571533037 | Radius - 85:21:bd:f5:d4:e7 | Authenticate - 2025-06-27 17:23:17 | Device - Realme
2025-06-27 17:23:13 | User - 451260175584 | Radius - 7a:76:1b:bb:6b:22 | Authenticate - 2025-06-27 17:23:23 | Device - Motorola
2025-06-27 17:23:13 | User - 504466514301 | Radius - 84:ea:93:8c:83:a5 | Authenticate - 2025-06-27 17:23:14 | Device - Realme
2025-06-27 17:23:13 | User - 532589827 | Radius - 1b:6a:72:5e:25:ca | Authenticate - 2025-06-27 17:23:19 | Device - Motorola
2025-06-27 17:23:13 | User - 68095230728 | Radius - 6c:e6:ac:97:19:84 | Authenticate - 2025-06-27 17:23:23 | Device - Xiaomi
2025-06-27 17:23:14 | User - 702340206061 | Radius - 2c:ff:c2:f4:79:15 | Authenticate - 2025-06-27 17:23:23 | Device - Xiaomi
2025-06-27 17:23:14 | User - 77899690947 | Radius - b0:d6:cb:a9:ef:17 | Authenticate - 2025-06-27 17:23:24 | Device - Xiaomi
2025-06-27 17:23:14 | User - 8896060612 | Radius - 93:37:78:70:35:6c | Authenticate - 2025-06-27 17:23:19 | Device - Realme
2025-06-27 17:23:14 | User - 63976220478 | Radius - cb:18:0a:31:12:6e | Authenticate - 2025-06-27 17:23:21 | Device - Realme
2025-06-27 17:23:15 | User - 82886563849 | Radius - 41:44:4b:03:e7:fb | Authenticate - 2025-06-27 17:23:23 | Device - Samsung
2025-06-27 17:23:15 | User - 8209161637 | Radius - a8:06:6b:ee:76:ba | Authenticate - 2025-06-27 17:23:25 | Device - Motorola
2025-06-27 17:23:15 | User - 255163615930 | Radius - ad:92:dc:08:de:65 | Authenticate - 2025-06-27 17:23:21 | Device - Motorola
2025-06-27 17:23:16 | User - 41835096159 | Radius - c4:55:99:cf:06:41 | Authenticate - 2025-06-27 17:23:22 | Device - Xiaomi
2025-06-27 17:23:16 | User - 3538470296 | Radius - 6e:45:38:a5:a8:6a | Authenticate - 2025-06-27 17:23:22 | Device - Apple
2025-06-27 17:23:16 | User - 15313075149 | Radius - cd:84:3e:dc:f9:34 | Authenticate - 2025-06-27 17:23:17 | Device - Apple
2025-06-27 17:23:16 | User - 99315068065 | Radius - ed:04:d5:3d:ea:39 | Authenticate - 2025-06-27 17:23:17 | Device - Samsung
2025-06-27 17:23:17 | User - 947168773 | Radius - 6e:f7:26:12:6a:41 | Authenticate - 2025-06-27 17:23:23 | Device - Apple
2025-06-27 17:23:17 | User - 5439534862 | Radius - ce:ac:a2:d6:4f:3f | Authenticate - 2025-06-27 17:23:26 | Device - Samsung
2025-06-27 17:23:17 | User - 851376969582 | Radius - 69:59:e3:e0:b5:25 | Authenticate - 2025-06-27 17:23:20 | Device - Samsung
2025-06-27 17:23:18 | User - 9477010723 | Radius - bf:dd:6e:f1:7a:73 | Authenticate - 2025-06-27 17:23:27 | Device - Realme
2025-06-27 17:23:18 | User - 844748199 | Radius - f7:44:64:5b:16:a3 | Authenticate - 2025-06-27 17:23:24 | Device - Motorola
2025-06-27 17:23:18 | User - 268063870543 | Radius - 3c:40:aa:c5:56:71 | Authenticate - 2025-06-27 17:23:27 | Device - Samsung
2025-06-27 17:23:18 | User - 77353413800 | Radius - 91:8d:44:e6:6d:38 | Authenticate - 2025-06-27 17:23:22 | Device - Huawei
2025-06-27 17:23:18 | User - 3458968353 | Radius - 3d:9c:49:e3:72:05 | Authenticate - 2025-06-27 17:23:23 | Device - Realme
2025-06-27 17:23:19 | User - 67081053920 | Radius - 4e:1c:7c:9e:4b:01 | Authenticate - 2025-06-27 17:23:25 | Device - Samsung
2025-06-27 17:23:19 | User - 730081515 | Radius - d9:85:df:78:37:b5 | Authenticate - 2025-06-27 17:23:27 | Device - Huawei
2025-06-27 17:23:19 | User - 27974143006 | Radius - 14:34:fc:7c:42:93 | Authenticate - 2025-06-27 17:23:20 | Device - Samsung
2025-06-27 17:23:19 | User - 10868663575 | Radius - f2:a8:15:4e:0f:7c | Authenticate - 2025-06-27 17:23:25 | Device - Apple
2025-06-27 17:23:20 | User - 916618644559 | Radius - 71:ea:0b:5e:03:0f | Authenticate - 2025-06-27 17:23:27 | Device - Apple
2025-06-27 17:23:20 | User - 500556503972 | Radius - 8d:29:44:c8:96:dd | Authenticate - 2025-06-27 17:23:27 | Device - Realme
2025-06-27 17:23:20 | User - 4615691829 | Radius - 69:63:56:59:58:b0 | Authenticate - 2025-06-27 17:23:21 | Device - Xiaomi
2025-06-27 17:23:20 | User - 881166223223 | Radius - 83:d8:ae:3e:2d:a7 | Authenticate - 2025-06-27 17:23:23 | Device - Apple
2025-06-27 17:23:21 | User - 354729142011 | Radius - 19:49:ec:57:e8:f4 | Authenticate - 2025-06-27 17:23:26 | Device - Huawei
2025-06-27 17:23:21 | User - 5308950385 | Radius - 2a:60:81:73:07:0f | Authenticate - 2025-06-27 17:23:31 | Device - Xiaomi
2025-06-27 17:23:21 | User - 88666838033 | Radius - 25:c3:19:a5:82:41 | Authenticate - 2025-06-27 17:23:26 | Device - Realme
2025-06-27 17:23:22 | User - 3597680005 | Radius - de:7a:57:de:09:07 | Authenticate - 2025-06-27 17:23:29 | Device - Realme
2025-06-27 17:23:24 | User - 87715908136 | Radius - 90:ce:cf:3c:f8:1c | Authenticate - 2025-06-27 17:23:29 | Device - Samsung
2025-06-27 17:23:27 | User - 497621420401 | Radius - 0e:4b:74:4e:a0:2b | Authenticate - 2025-06-27 17:23:30 | Device - Apple